{
  "Cucumber Features": {
    "coverage": {
      "/Users/hfp/edx/cs169.1x/SaaS.1/hw4/myrottenpotatoes-hw4/app/controllers/application_controller.rb": [
        1,
        1,
        null
      ],
      "/Users/hfp/edx/cs169.1x/SaaS.1/hw4/myrottenpotatoes-hw4/app/helpers/application_helper.rb": [
        1,
        null
      ],
      "/Users/hfp/edx/cs169.1x/SaaS.1/hw4/myrottenpotatoes-hw4/app/helpers/movies_helper.rb": [
        1,
        null,
        1,
        0,
        null,
        null
      ],
      "/Users/hfp/edx/cs169.1x/SaaS.1/hw4/myrottenpotatoes-hw4/app/controllers/movies_controller.rb": [
        1,
        null,
        1,
        3,
        3,
        null,
        null,
        null,
        1,
        1,
        1,
        null,
        0,
        null,
        0,
        null,
        1,
        1,
        null,
        1,
        6,
        null,
        null,
        1,
        0,
        0,
        0,
        null,
        null,
        1,
        0,
        0,
        0,
        0,
        null,
        1,
        null,
        null,
        1,
        null,
        null,
        null,
        1,
        0,
        0,
        0,
        null,
        null,
        1,
        1,
        null,
        null,
        1,
        1,
        1,
        1,
        1,
        null,
        null,
        1,
        0,
        0,
        0,
        0,
        null,
        null,
        1,
        2,
        2,
        1,
        1,
        1,
        null,
        1,
        null,
        null,
        null
      ],
      "/Users/hfp/edx/cs169.1x/SaaS.1/hw4/myrottenpotatoes-hw4/app/models/movie.rb": [
        1,
        null,
        1,
        null,
        1,
        1,
        null,
        null,
        1,
        2,
        2,
        null,
        null,
        1,
        null,
        null,
        null,
        null
      ]
    },
    "timestamp": 1402576077
  },
  "RSpec": {
    "coverage": {
      "/Users/hfp/edx/cs169.1x/SaaS.1/hw4/myrottenpotatoes-hw4/app/controllers/application_controller.rb": [
        1,
        1,
        null
      ],
      "/Users/hfp/edx/cs169.1x/SaaS.1/hw4/myrottenpotatoes-hw4/app/helpers/application_helper.rb": [
        1,
        null
      ],
      "/Users/hfp/edx/cs169.1x/SaaS.1/hw4/myrottenpotatoes-hw4/app/helpers/movies_helper.rb": [
        1,
        null,
        1,
        0,
        null,
        null
      ],
      "/Users/hfp/edx/cs169.1x/SaaS.1/hw4/myrottenpotatoes-hw4/app/controllers/movies_controller.rb": [
        1,
        null,
        1,
        0,
        0,
        null,
        null,
        null,
        1,
        0,
        0,
        null,
        0,
        null,
        0,
        null,
        0,
        0,
        null,
        0,
        0,
        null,
        null,
        0,
        0,
        0,
        0,
        null,
        null,
        0,
        0,
        0,
        0,
        0,
        null,
        0,
        null,
        null,
        1,
        null,
        null,
        null,
        1,
        0,
        0,
        0,
        null,
        null,
        1,
        0,
        null,
        null,
        1,
        0,
        0,
        0,
        0,
        null,
        null,
        1,
        0,
        0,
        0,
        0,
        null,
        null,
        1,
        5,
        5,
        1,
        null,
        4,
        null,
        null,
        null
      ],
      "/Users/hfp/edx/cs169.1x/SaaS.1/hw4/myrottenpotatoes-hw4/app/models/movie.rb": [
        1,
        null,
        1,
        null,
        1,
        0,
        null,
        null,
        1,
        3,
        3,
        1,
        null,
        2,
        null,
        null,
        null,
        null
      ]
    },
    "timestamp": 1402570367
  }
}
